<!DOCTYPE HTML><html><head><title>Behave Test Report</title><meta content="text/html;charset=utf-8" http-equiv="content-type" /><style type="text/css"><!--
@charset "utf-8"; .passed{}.failed{}.error{}.skipped{}.undefined{}.summary{}.failed_scenarios{}.footer{}body{font-size:0;color:white;margin:0;padding:0}.behave,td,th{font:normal 11px "Lucida Grande",Helvetica,sans-serif;background:white;color:black}.behave #behave-header,td #behave-header,th #behave-header{background:#65c400;color:white;height:8em}.behave #behave-header #expand-collapse p,td #behave-header #expand-collapse p,th #behave-header #expand-collapse p{float:right;margin:0 0 0 10px}.behave .scenario h3,td .scenario h3,th .scenario h3,.background h3{font-size:11px;padding:3px;margin:0;background:#65c400;color:white;font-weight:bold}.background h3{font-size:1.2em;background:#666}.behave h1,td h1,th h1{margin:0 10px 0 10px;padding:10px;font-family:"Lucida Grande",Helvetica,sans-serif;font-size:2em;position:absolute}.behave h4,td h4,th h4{margin-bottom:2px}.behave div.feature,td div.feature,th div.feature{padding:2px;margin:0 10px 5px 10px}.behave div.examples,td div.examples,th div.examples{padding:0 0 0 1em}.behave .stats,td .stats,th .stats{margin:2em}.behave .summary ul.features li,td .summary ul.features li,th .summary ul.features li{display:inline}.behave .step_name,td .step_name,th .step_name{float:left}.behave .step_file,td .step_file,th .step_file{text-align:right;color:#999}.behave .step_file a,td .step_file a,th .step_file a{color:#999}.behave .scenario_file,td .scenario_file,th .scenario_file{float:right;color:#999}.behave .step_duration{padding-left:1em}.behave .tag,td .tag,th .tag{font-weight:bold;color:#246ac1}.behave .backtrace,td .backtrace,th .backtrace{margin-top:0;margin-bottom:0;margin-left:1em;color:black}.behave a,td a,th a{color:#be5c00;margin-right:.5em}.behave a:hover,td a:hover,th a:hover{text-decoration:none}.behave a:visited,td a:visited,th a:visited{font-weight:normal}.behave a div.examples,td a div.examples,th a div.examples{margin:5px 0 5px 15px;color:black}.behave .outline table,td .outline table,th .outline table{margin:0 0 5px 10px}.behave table,td table,th table{border-collapse:collapse}.behave table td,td table td,th table td{padding:3px 3px 3px 5px}.behave table td.failed,.behave table td.passed,.behave table td.skipped,.behave table td.pending,.behave table td.undefined,td table td.failed,td table td.passed,td table td.skipped,td table td.pending{padding-left:18px;padding-right:10px}.behave table td.failed,td table td.failed,th table td.failed{border-left:5px solid #c20000;border-bottom:1px solid #c20000;background:#fffbd3;color:#c20000}.behave table td.passed,td table td.passed,th table td.passed{border-left:5px solid #65c400;border-bottom:1px solid #65c400;background:#dbffb4;color:#3d7700}.behave table td.skipped,td table td.skipped,th table td.skipped{border-left:5px solid aqua;border-bottom:1px solid aqua;background:#e0ffff;color:#011}.behave table td.pending,td table td.pending,th table td.pending{border-left:5px solid #faf834;border-bottom:1px solid #faf834;background:#fcfb98;color:#131313}.behave table td.undefined,td table td.undefined,th table td.undefined{border-left:5px solid #faf834;border-bottom:1px solid #faf834;background:#fcfb98;color:#131313}.behave table td.message,td table td.message,th table td.message{border-left:5px solid aqua;border-bottom:1px solid aqua;background:#e0ffff;color:#011}.behave ol,td ol,th ol{list-style:none;margin:0;padding:0}.behave ol li.step,td ol li.step,th ol li.step{padding:3px 3px 3px 18px;margin:5px 0 5px 5px}.behave ol li,td ol li,th ol li{margin:0 0 0 1em;padding:0 0 0 .2em}.behave ol li span.param,td ol li span.param,th ol li span.param{font-weight:bold}.behave ol li.failed,td ol li.failed,th ol li.failed{border-left:5px solid #c20000;border-bottom:1px solid #c20000;background:#fffbd3;color:#c20000}.behave ol li.passed,td ol li.passed,th ol li.passed{border-left:5px solid #65c400;border-bottom:1px solid #65c400;background:#dbffb4;color:#3d7700}.behave ol li.skipped,td ol li.skipped,th ol li.skipped{border-left:5px solid aqua;border-bottom:1px solid aqua;background:#e0ffff;color:#011}.behave ol li.pending,td ol li.pending,th ol li.pending{border-left:5px solid #faf834;border-bottom:1px solid #faf834;background:#fcfb98;color:#131313}.behave ol li.undefined,td ol li.undefined,th ol li.undefined{border-left:5px solid #faf834;border-bottom:1px solid #faf834;background:#fcfb98;color:#131313}.behave ol li.message,td ol li.message,th ol li.message{border-left:5px solid aqua;border-bottom:1px solid aqua;background:#e0ffff;color:#011;margin-left:10px}.behave #summary,td #summary,th #summary{margin:0;padding:5px 10px;text-align:right;top:0;right:0;float:right}.behave #summary p,td #summary p,th #summary p{margin:0 0 0 2px}.behave #summary #totals,td #summary #totals,th #summary #totals{font-size:1.2em}.behave .scenario h3.failed,td .scenario h3.failed,th .scenario h3.failed,.background h3.failed{background:#c20000}.behave #behave-header.failed,td #behave-header.failed,th #behave-header.failed{background:#c20000}.behave .scenario h3.undefined,td .scenario h3.undefined,th .scenario h3.undefined,.background h3.undefined{background:#faf834;color:black}.behave #behave-header.undefined,td #behave-header.undefined,th #behave-header.undefined{background:#faf834;color:black}#behave-header.failed a{color:white}pre{white-space:pre-wrap}
--></style><script type="text/javascript"><!--
function Collapsible_toggle(id){var elem=document.getElementById(id);elem.style.display=(elem.style.display=='none'?'block':'none');return false;};function Collapsible_expandAll(className){var elems=document.getElementsByClassName(className);for(var i=0;i<elems.length;i++){elems[i].style.display='block';}};function Collapsible_collapseAll(className){var elems=document.getElementsByClassName(className);for(var i=0;i<elems.length;i++){elems[i].style.display='none';}};function Collapsible_expandAllFailed(){var elems=document.getElementsByClassName('failed');for(var i=0;i<elems.length;i++){var elem=elems[i];if(elem.nodeName=='H3'){elem.parentElement.getElementsByTagName('ol')[0].style.display='block';}}}
--></script></head><body><div class="behave"><div id="behave-header" class="failed"><div id="label"><h1>Behave Test Report</h1></div><div id="summary"><p id="totals"><p id="feature_totals">Features: passed: 3, failed: 4</p><p id="scenario_totals">Scenarios: passed: 6, failed: 5</p><p id="step_totals">Steps: passed: 44, failed: 5, skipped: 6</p></p><p id="duration">Finished in 36.3 seconds</p><div id="expand-collapse"><a id="expander" href="#" onclick="Collapsible_expandAll('scenario_steps')">Expand All</a><span> | </span><a id="collapser" href="#" onclick="Collapsible_collapseAll('scenario_steps')">Collapse All</a><span> | </span><a id="failed_expander" href="#" onclick="Collapsible_expandAllFailed()">Expand All Failed</a></div></div></div><div class="feature"><h2><span class="val">Feature: Check that the Checkout page in the Magento website is working properly and I can complete the purchasing process</span></h2><span /></div><div class="background"><h3><span class="val">Background: </span></h3><ol /><span /></div><div class="scenario"><span class="scenario_file">Features/magento_checkout.feature:5</span><span class="tag">@T9, @positiveTesting</span><h3 onclick="Collapsible_toggle('scenario_0')"><span class="val">Scenario: I want to complete the details of the checkout</span></h3><ol class="scenario_steps" id="scenario_0"><li class="step passed"><div class="step_name"><span class="keyword">Given </span><span class="step val">I am on the Magento homepage and I want to complete the purchase product process</span><small class="step_duration">(0.001s)</small></div><div class="step_file"><span>steps/magento_checkout_steps.py:3</span></div><span class="embed" /></li><li class="step passed"><div class="step_name"><span class="keyword">When </span><span class="step val"><span>I introduce the company "</span><b>SC DEKAEM CREWING SRL</b><span>"</span></span><small class="step_duration">(0.028s)</small></div><div class="step_file"><span>steps/magento_checkout_steps.py:7</span></div><span class="embed" /></li><li class="step passed"><div class="step_name"><span class="keyword">When </span><span class="step val"><span>I introduce the street address "</span><b>Str.Dr.C.Hepites 11 bl.C1 sc.1 et.1 ap.4</b><span>"</span></span><small class="step_duration">(0.041s)</small></div><div class="step_file"><span>steps/magento_checkout_steps.py:11</span></div><span class="embed" /></li><li class="step passed"><div class="step_name"><span class="keyword">When </span><span class="step val"><span>I introduce the city "</span><b>Braila</b><span>"</span></span><small class="step_duration">(0.023s)</small></div><div class="step_file"><span>steps/magento_checkout_steps.py:15</span></div><span class="embed" /></li><li class="step passed"><div class="step_name"><span class="keyword">When </span><span class="step val"><span>I introduce the state "</span><b>Florida</b><span>"</span></span><small class="step_duration">(0.018s)</small></div><div class="step_file"><span>steps/magento_checkout_steps.py:19</span></div><span class="embed" /></li><li class="step passed"><div class="step_name"><span class="keyword">When </span><span class="step val"><span>I introuce the postal code "</span><b>81009</b><span>"</span></span><small class="step_duration">(0.016s)</small></div><div class="step_file"><span>steps/magento_checkout_steps.py:23</span></div><span class="embed" /></li><li class="step passed"><div class="step_name"><span class="keyword">When </span><span class="step val"><span>I introduce the country "</span><b>United States</b><span>"</span></span><small class="step_duration">(0.015s)</small></div><div class="step_file"><span>steps/magento_checkout_steps.py:27</span></div><span class="embed" /></li><li class="step passed"><div class="step_name"><span class="keyword">When </span><span class="step val"><span>I introduce the phone number "</span><b>+40720971922</b><span>"</span></span><small class="step_duration">(0.013s)</small></div><div class="step_file"><span>steps/magento_checkout_steps.py:31</span></div><span class="embed" /></li><li class="step passed"><div class="step_name"><span class="keyword">When </span><span class="step val">I select the price</span><small class="step_duration">(0.020s)</small></div><div class="step_file"><span>steps/magento_checkout_steps.py:35</span></div><span class="embed" /></li><li class="step passed"><div class="step_name"><span class="keyword">When </span><span class="step val">I click Next button</span><small class="step_duration">(0.019s)</small></div><div class="step_file"><span>steps/magento_checkout_steps.py:39</span></div><span class="embed" /></li><li class="step passed"><div class="step_name"><span class="keyword">When </span><span class="step val">I click Place Order button</span><small class="step_duration">(0.019s)</small></div><div class="step_file"><span>steps/magento_checkout_steps.py:43</span></div><span class="embed" /></li><li class="step passed"><div class="step_name"><span class="keyword">When </span><span class="step val">I click Continue Shopping button</span><small class="step_duration">(0.021s)</small></div><div class="step_file"><span>steps/magento_checkout_steps.py:47</span></div><span class="embed" /></li><li class="step passed"><div class="step_name"><span class="keyword">Then </span><span class="step val">I am redirected to the home page</span><small class="step_duration">(5.406s)</small></div><div class="step_file"><span>steps/magento_checkout_steps.py:51</span></div><span class="embed" /></li></ol><span /></div><div class="feature"><h2><span class="val">Feature: Check that the Tops Women page in the Magento website is working properly and I can buy a product with selecting</span></h2><pre class="message">the size and color I wish</pre><span /></div><div class="background"><h3><span class="val">Background: </span></h3><ol /><span /></div><div class="scenario"><span class="scenario_file">Features/magento_circe_hooded_ice.feature:6</span><span class="tag">@T10, @positiveTesting</span><h3 onclick="Collapsible_toggle('scenario_1')" class="failed"><span class="val">Scenario: I want to purchase Circe Hooded Ice with size XS and color gray</span></h3><ol class="scenario_steps" id="scenario_1"><li class="step passed"><div class="step_name"><span class="keyword">Given </span><span class="step val">I am on the Magento homepage and I want to purchase a product with a particular size and color I want</span><small class="step_duration">(0.000s)</small></div><div class="step_file"><span>steps/magento_circe_hooded_ice_steps.py:5</span></div><span class="embed" /></li><li class="step passed"><div class="step_name"><span class="keyword">When </span><span class="step val">I click on Women option</span><small class="step_duration">(0.023s)</small></div><div class="step_file"><span>steps/magento_circe_hooded_ice_steps.py:9</span></div><span class="embed" /></li><li class="step passed"><div class="step_name"><span class="keyword">When </span><span class="step val">I click on Tops option</span><small class="step_duration">(0.017s)</small></div><div class="step_file"><span>steps/magento_circe_hooded_ice_steps.py:13</span></div><span class="embed" /></li><li class="step passed"><div class="step_name"><span class="keyword">When </span><span class="step val">I click on Hoodies &amp; Sweatshirts option</span><small class="step_duration">(0.018s)</small></div><div class="step_file"><span>steps/magento_circe_hooded_ice_steps.py:17</span></div><span class="embed" /></li><li class="step failed"><div class="step_name"><span class="keyword">When </span><span class="step val">I select XS size on Circe Hooded Ice</span><small class="step_duration">(0.088s)</small></div><div class="step_file"><span>steps/magento_circe_hooded_ice_steps.py:21</span></div><span class="embed"><a onclick="Collapsible_toggle('embed_1')">Error Message</a><pre id="embed_1" style="display: none">Traceback (most recent call last):
  File "C:\Users\user\AppData\Local\Programs\Python\Python312\Lib\site-packages\behave\model.py", line 1329, in run
    match.run(runner.context)
  File "C:\Users\user\AppData\Local\Programs\Python\Python312\Lib\site-packages\behave\matchers.py", line 98, in run
    self.func(context, *args, **kwargs)
  File "steps\magento_circe_hooded_ice_steps.py", line 23, in step_impl
    context.circe_hooded_ice.size_XS_circe_hooded_ice()
  File "C:\Users\user\PycharmProjects\BDD-2-\Pages\circe_hooded_ice.py", line 8, in size_XS_circe_hooded_ice
    self.chrome.find_element(*self.SIZE)
  File "C:\Users\user\AppData\Local\Programs\Python\Python312\Lib\site-packages\selenium\webdriver\remote\webdriver.py", line 741, in find_element
    return self.execute(Command.FIND_ELEMENT, {"using": by, "value": value})["value"]
           ^^^^^^^^^^^^^^^^^^^^^^^^^^^^^^^^^^^^^^^^^^^^^^^^^^^^^^^^^^^^^^^^^
  File "C:\Users\user\AppData\Local\Programs\Python\Python312\Lib\site-packages\selenium\webdriver\remote\webdriver.py", line 347, in execute
    self.error_handler.check_response(response)
  File "C:\Users\user\AppData\Local\Programs\Python\Python312\Lib\site-packages\selenium\webdriver\remote\errorhandler.py", line 229, in check_response
    raise exception_class(message, screen, stacktrace)
selenium.common.exceptions.NoSuchElementException: Message: no such element: Unable to locate element: {"method":"xpath","selector":"//div[@class= "swatch-option text selected" and @option-id="166" and @option-label="XS" and @aria-label="XS"]"}
  (Session info: chrome=137.0.7151.120); For documentation on this error, please visit: https://www.selenium.dev/documentation/webdriver/troubleshooting/errors#no-such-element-exception
Stacktrace:
	GetHandleVerifier [0x0x7ff6e1cbcda5+78885]
	GetHandleVerifier [0x0x7ff6e1cbce00+78976]
	(No symbol) [0x0x7ff6e1a79bca]
	(No symbol) [0x0x7ff6e1ad0766]
	(No symbol) [0x0x7ff6e1ad0a1c]
	(No symbol) [0x0x7ff6e1b24467]
	(No symbol) [0x0x7ff6e1af8bcf]
	(No symbol) [0x0x7ff6e1b2122f]
	(No symbol) [0x0x7ff6e1af8963]
	(No symbol) [0x0x7ff6e1ac16b1]
	(No symbol) [0x0x7ff6e1ac2443]
	GetHandleVerifier [0x0x7ff6e1f94eed+3061101]
	GetHandleVerifier [0x0x7ff6e1f8f33d+3037629]
	GetHandleVerifier [0x0x7ff6e1fae592+3165202]
	GetHandleVerifier [0x0x7ff6e1cd730e+186766]
	GetHandleVerifier [0x0x7ff6e1cdeb3f+217535]
	GetHandleVerifier [0x0x7ff6e1cc59b4+114740]
	GetHandleVerifier [0x0x7ff6e1cc5b69+115177]
	GetHandleVerifier [0x0x7ff6e1cac368+10728]
	BaseThreadInitThunk [0x0x7ffb01a47374+20]
	RtlUserThreadStart [0x0x7ffb038fcc91+33]

</pre>    </span></li></ol><span /></div><div class="feature"><h2><span class="val">Feature: Check that the create account button in the Magento website is working properly and I can create my account</span></h2><span /></div><div class="background"><h3><span class="val">Background: </span></h3><ol /><span /></div><div class="scenario"><span class="scenario_file">Features/magento_create_account.feature:6</span><span class="tag">@T1, @positiveTesting</span><h3 onclick="Collapsible_toggle('scenario_2')"><span class="val">Scenario: I want to create my account</span></h3><ol class="scenario_steps" id="scenario_2"><li class="step passed"><div class="step_name"><span class="keyword">Given </span><span class="step val">I am on the Magento homepage and I want to initiate the create account process</span><small class="step_duration">(1.666s)</small></div><div class="step_file"><span>steps/magento_create_account_steps.py:3</span></div><span class="embed" /></li><li class="step passed"><div class="step_name"><span class="keyword">When </span><span class="step val">I click "Consent" on incognito window</span><small class="step_duration">(0.255s)</small></div><div class="step_file"><span>steps/magento_create_account_steps.py:7</span></div><span class="embed" /></li><li class="step passed"><div class="step_name"><span class="keyword">When </span><span class="step val">I click "Create an Account" option</span><small class="step_duration">(0.001s)</small></div><div class="step_file"><span>steps/magento_create_account_steps.py:11</span></div><span class="embed" /></li><li class="step passed"><div class="step_name"><span class="keyword">When </span><span class="step val"><span>I introduce the first name "</span><b>Tudor</b><span>"</span></span><small class="step_duration">(0.022s)</small></div><div class="step_file"><span>steps/magento_create_account_steps.py:15</span></div><span class="embed" /></li><li class="step passed"><div class="step_name"><span class="keyword">When </span><span class="step val"><span>I introduce the last name "</span><b>Nanu</b><span>"</span></span><small class="step_duration">(0.017s)</small></div><div class="step_file"><span>steps/magento_create_account_steps.py:19</span></div><span class="embed" /></li><li class="step passed"><div class="step_name"><span class="keyword">When </span><span class="step val"><span>I introduce the email "</span><b>tudor.nanu10@gmail.com</b><span>"</span></span><small class="step_duration">(0.016s)</small></div><div class="step_file"><span>steps/magento_create_account_steps.py:23</span></div><span class="embed" /></li><li class="step passed"><div class="step_name"><span class="keyword">When </span><span class="step val"><span>I introduce the password "</span><b>Universitate10!</b><span>"</span></span><small class="step_duration">(0.067s)</small></div><div class="step_file"><span>steps/magento_create_account_steps.py:27</span></div><span class="embed" /></li><li class="step passed"><div class="step_name"><span class="keyword">When </span><span class="step val"><span>I confirm the password "</span><b>Universitate10!</b><span>"</span></span><small class="step_duration">(0.052s)</small></div><div class="step_file"><span>steps/magento_create_account_steps.py:31</span></div><span class="embed" /></li><li class="step passed"><div class="step_name"><span class="keyword">When </span><span class="step val">I click the "Create an Account" button</span><small class="step_duration">(0.016s)</small></div><div class="step_file"><span>steps/magento_create_account_steps.py:35</span></div><span class="embed" /></li><li class="step passed"><div class="step_name"><span class="keyword">Then </span><span class="step val">I am redirected to "My Account" page</span><small class="step_duration">(0.001s)</small></div><div class="step_file"><span>steps/magento_create_account_steps.py:39</span></div><span class="embed" /></li></ol><span /></div><div class="feature"><h2><span class="val">Feature: Check that the search tab in the Magento website is working properly and I can search any product I want</span></h2><span /></div><div class="background"><h3><span class="val">Background: </span></h3><ol /><span /></div><div class="scenario"><span class="scenario_file">Features/magento_home_page.feature:6</span><span class="tag">@T7, @positiveTesting</span><h3 onclick="Collapsible_toggle('scenario_3')" class="failed"><span class="val">Scenario: I want to search "Wayfarer Messenger Bag" product</span></h3><ol class="scenario_steps" id="scenario_3"><li class="step passed"><div class="step_name"><span class="keyword">Given </span><span class="step val">I am on the Magento homepage and I want to initiate the searching products process</span><small class="step_duration">(2.176s)</small></div><div class="step_file"><span>steps/magento_home_page_steps.py:3</span></div><span class="embed" /></li><li class="step passed"><div class="step_name"><span class="keyword">When </span><span class="step val">I type "Wayfarer Messenger Bag" in the search tab</span><small class="step_duration">(0.221s)</small></div><div class="step_file"><span>steps/magento_home_page_steps.py:7</span></div><span class="embed" /></li><li class="step failed"><div class="step_name"><span class="keyword">When </span><span class="step val">the options for the product searched appear</span><small class="step_duration">(0.064s)</small></div><div class="step_file"><span>steps/magento_home_page_steps.py:11</span></div><span class="embed"><a onclick="Collapsible_toggle('embed_2')">Error Message</a><pre id="embed_2" style="display: none">Traceback (most recent call last):
  File "C:\Users\user\AppData\Local\Programs\Python\Python312\Lib\site-packages\behave\model.py", line 1329, in run
    match.run(runner.context)
  File "C:\Users\user\AppData\Local\Programs\Python\Python312\Lib\site-packages\behave\matchers.py", line 98, in run
    self.func(context, *args, **kwargs)
  File "steps\magento_home_page_steps.py", line 13, in step_impl
    context.home_page.wayfarer_messenger_bag_search()
  File "C:\Users\user\PycharmProjects\BDD-2-\Pages\home_page.py", line 44, in wayfarer_messenger_bag_search
    self.chrome.find_element(*self.WAYFARER_MESSENGER_BAG_SEARCH)
  File "C:\Users\user\AppData\Local\Programs\Python\Python312\Lib\site-packages\selenium\webdriver\remote\webdriver.py", line 741, in find_element
    return self.execute(Command.FIND_ELEMENT, {"using": by, "value": value})["value"]
           ^^^^^^^^^^^^^^^^^^^^^^^^^^^^^^^^^^^^^^^^^^^^^^^^^^^^^^^^^^^^^^^^^
  File "C:\Users\user\AppData\Local\Programs\Python\Python312\Lib\site-packages\selenium\webdriver\remote\webdriver.py", line 347, in execute
    self.error_handler.check_response(response)
  File "C:\Users\user\AppData\Local\Programs\Python\Python312\Lib\site-packages\selenium\webdriver\remote\errorhandler.py", line 229, in check_response
    raise exception_class(message, screen, stacktrace)
selenium.common.exceptions.NoSuchElementException: Message: no such element: Unable to locate element: {"method":"xpath","selector":"//span[@class = "qs-option-name selected"]"}
  (Session info: chrome=137.0.7151.120); For documentation on this error, please visit: https://www.selenium.dev/documentation/webdriver/troubleshooting/errors#no-such-element-exception
Stacktrace:
	GetHandleVerifier [0x0x7ff6e1cbcda5+78885]
	GetHandleVerifier [0x0x7ff6e1cbce00+78976]
	(No symbol) [0x0x7ff6e1a79bca]
	(No symbol) [0x0x7ff6e1ad0766]
	(No symbol) [0x0x7ff6e1ad0a1c]
	(No symbol) [0x0x7ff6e1b24467]
	(No symbol) [0x0x7ff6e1af8bcf]
	(No symbol) [0x0x7ff6e1b2122f]
	(No symbol) [0x0x7ff6e1af8963]
	(No symbol) [0x0x7ff6e1ac16b1]
	(No symbol) [0x0x7ff6e1ac2443]
	GetHandleVerifier [0x0x7ff6e1f94eed+3061101]
	GetHandleVerifier [0x0x7ff6e1f8f33d+3037629]
	GetHandleVerifier [0x0x7ff6e1fae592+3165202]
	GetHandleVerifier [0x0x7ff6e1cd730e+186766]
	GetHandleVerifier [0x0x7ff6e1cdeb3f+217535]
	GetHandleVerifier [0x0x7ff6e1cc59b4+114740]
	GetHandleVerifier [0x0x7ff6e1cc5b69+115177]
	GetHandleVerifier [0x0x7ff6e1cac368+10728]
	BaseThreadInitThunk [0x0x7ffb01a47374+20]
	RtlUserThreadStart [0x0x7ffb038fcc91+33]

</pre>    </span></li></ol><span /></div><div class="feature"><h2><span class="val">Feature: Check that the sign in button in the Magento website is working properly and I can sign in into my account</span></h2><span /></div><div class="background"><h3><span class="val">Background: </span></h3><ol /><span /></div><div class="scenario"><span class="scenario_file">Features/magento_sign_in_page.feature:6</span><span class="tag">@T2, @positiveTesting</span><h3 onclick="Collapsible_toggle('scenario_4')"><span class="val">Scenario: I want to sign in into my account</span></h3><ol class="scenario_steps" id="scenario_4"><li class="step passed"><div class="step_name"><span class="keyword">Given </span><span class="step val">I am on the Magento homepage and I want to initiate the sign in process</span><small class="step_duration">(3.515s)</small></div><div class="step_file"><span>steps/magento_sign_in_page_steps.py:3</span></div><span class="embed" /></li><li class="step passed"><div class="step_name"><span class="keyword">When </span><span class="step val">I click "Sign in" option</span><small class="step_duration">(0.001s)</small></div><div class="step_file"><span>steps/magento_sign_in_page_steps.py:7</span></div><span class="embed" /></li><li class="step passed"><div class="step_name"><span class="keyword">When </span><span class="step val"><span>I introduce the email "</span><b>tudor.nanu10@gmail.com</b><span>"</span></span><small class="step_duration">(0.013s)</small></div><div class="step_file"><span>steps/magento_create_account_steps.py:23</span></div><span class="embed" /></li><li class="step passed"><div class="step_name"><span class="keyword">When </span><span class="step val"><span>I introduce the password "</span><b>Universitate10!</b><span>"</span></span><small class="step_duration">(0.057s)</small></div><div class="step_file"><span>steps/magento_create_account_steps.py:27</span></div><span class="embed" /></li><li class="step passed"><div class="step_name"><span class="keyword">When </span><span class="step val">I click the "Sign in" button</span><small class="step_duration">(0.035s)</small></div><div class="step_file"><span>steps/magento_sign_in_page_steps.py:11</span></div><span class="embed" /></li><li class="step passed"><div class="step_name"><span class="keyword">Then </span><span class="step val">I am redirected to "My Account" page</span><small class="step_duration">(0.001s)</small></div><div class="step_file"><span>steps/magento_create_account_steps.py:39</span></div><span class="embed" /></li></ol><span /></div><div class="scenario"><span class="scenario_file">Features/magento_sign_in_page.feature:14</span><span class="tag">@T3, @negativeTesting</span><h3 onclick="Collapsible_toggle('scenario_5')" class="failed"><span class="val">Scenario: I don't insert the credentials</span></h3><ol class="scenario_steps" id="scenario_5"><li class="step passed"><div class="step_name"><span class="keyword">Given </span><span class="step val">I am on the Magento homepage and I want to initiate the sign in process</span><small class="step_duration">(2.044s)</small></div><div class="step_file"><span>steps/magento_sign_in_page_steps.py:3</span></div><span class="embed" /></li><li class="step passed"><div class="step_name"><span class="keyword">When </span><span class="step val">I click "Sign in" option</span><small class="step_duration">(0.000s)</small></div><div class="step_file"><span>steps/magento_sign_in_page_steps.py:7</span></div><span class="embed" /></li><li class="step failed"><div class="step_name"><span class="keyword">Then </span><span class="step val">I receive the error "This is a required field" for not inserting credentials</span><small class="step_duration">(0.202s)</small></div><div class="step_file"><span>steps/magento_sign_in_page_steps.py:15</span></div><span class="embed"><a onclick="Collapsible_toggle('embed_3')">Error Message</a><pre id="embed_3" style="display: none">Traceback (most recent call last):
  File "C:\Users\user\AppData\Local\Programs\Python\Python312\Lib\site-packages\behave\model.py", line 1329, in run
    match.run(runner.context)
  File "C:\Users\user\AppData\Local\Programs\Python\Python312\Lib\site-packages\behave\matchers.py", line 98, in run
    self.func(context, *args, **kwargs)
  File "steps\magento_sign_in_page_steps.py", line 17, in step_impl
    context.sign_in_page.forget_inserting_email_error()
  File "C:\Users\user\PycharmProjects\BDD-2-\Pages\sign_in_page.py", line 48, in forget_inserting_email_error
    self.chrome.find_element(*self.EMAIL_ERROR)
  File "C:\Users\user\AppData\Local\Programs\Python\Python312\Lib\site-packages\selenium\webdriver\remote\webdriver.py", line 741, in find_element
    return self.execute(Command.FIND_ELEMENT, {"using": by, "value": value})["value"]
           ^^^^^^^^^^^^^^^^^^^^^^^^^^^^^^^^^^^^^^^^^^^^^^^^^^^^^^^^^^^^^^^^^
  File "C:\Users\user\AppData\Local\Programs\Python\Python312\Lib\site-packages\selenium\webdriver\remote\webdriver.py", line 347, in execute
    self.error_handler.check_response(response)
  File "C:\Users\user\AppData\Local\Programs\Python\Python312\Lib\site-packages\selenium\webdriver\remote\errorhandler.py", line 229, in check_response
    raise exception_class(message, screen, stacktrace)
selenium.common.exceptions.NoSuchElementException: Message: no such element: Unable to locate element: {"method":"css selector","selector":"[id="email-error"]"}
  (Session info: chrome=137.0.7151.120); For documentation on this error, please visit: https://www.selenium.dev/documentation/webdriver/troubleshooting/errors#no-such-element-exception
Stacktrace:
	GetHandleVerifier [0x0x7ff6e1cbcda5+78885]
	GetHandleVerifier [0x0x7ff6e1cbce00+78976]
	(No symbol) [0x0x7ff6e1a79bca]
	(No symbol) [0x0x7ff6e1ad0766]
	(No symbol) [0x0x7ff6e1ad0a1c]
	(No symbol) [0x0x7ff6e1b24467]
	(No symbol) [0x0x7ff6e1af8bcf]
	(No symbol) [0x0x7ff6e1b2122f]
	(No symbol) [0x0x7ff6e1af8963]
	(No symbol) [0x0x7ff6e1ac16b1]
	(No symbol) [0x0x7ff6e1ac2443]
	GetHandleVerifier [0x0x7ff6e1f94eed+3061101]
	GetHandleVerifier [0x0x7ff6e1f8f33d+3037629]
	GetHandleVerifier [0x0x7ff6e1fae592+3165202]
	GetHandleVerifier [0x0x7ff6e1cd730e+186766]
	GetHandleVerifier [0x0x7ff6e1cdeb3f+217535]
	GetHandleVerifier [0x0x7ff6e1cc59b4+114740]
	GetHandleVerifier [0x0x7ff6e1cc5b69+115177]
	GetHandleVerifier [0x0x7ff6e1cac368+10728]
	BaseThreadInitThunk [0x0x7ffb01a47374+20]
	RtlUserThreadStart [0x0x7ffb038fcc91+33]

</pre>    </span></li></ol><span /></div><div class="scenario"><span class="scenario_file">Features/magento_sign_in_page.feature:19</span><span class="tag">@T4, @negativeTesting</span><h3 onclick="Collapsible_toggle('scenario_6')" class="failed"><span class="val">Scenario: I don't insert the password</span></h3><ol class="scenario_steps" id="scenario_6"><li class="step passed"><div class="step_name"><span class="keyword">Given </span><span class="step val">I am on the Magento homepage and I want to initiate the sign in process</span><small class="step_duration">(2.239s)</small></div><div class="step_file"><span>steps/magento_sign_in_page_steps.py:3</span></div><span class="embed" /></li><li class="step passed"><div class="step_name"><span class="keyword">When </span><span class="step val"><span>I introduce the email "</span><b>tudor.nanu10@gmail.com</b><span>"</span></span><small class="step_duration">(0.015s)</small></div><div class="step_file"><span>steps/magento_create_account_steps.py:23</span></div><span class="embed" /></li><li class="step passed"><div class="step_name"><span class="keyword">When </span><span class="step val">I click "Sign in" option</span><small class="step_duration">(0.001s)</small></div><div class="step_file"><span>steps/magento_sign_in_page_steps.py:7</span></div><span class="embed" /></li><li class="step failed"><div class="step_name"><span class="keyword">Then </span><span class="step val">I receive the error: "This is a required field" for not inserting password</span><small class="step_duration">(0.023s)</small></div><div class="step_file"><span>steps/magento_sign_in_page_steps.py:19</span></div><span class="embed"><a onclick="Collapsible_toggle('embed_4')">Error Message</a><pre id="embed_4" style="display: none">Traceback (most recent call last):
  File "C:\Users\user\AppData\Local\Programs\Python\Python312\Lib\site-packages\behave\model.py", line 1329, in run
    match.run(runner.context)
  File "C:\Users\user\AppData\Local\Programs\Python\Python312\Lib\site-packages\behave\matchers.py", line 98, in run
    self.func(context, *args, **kwargs)
  File "steps\magento_sign_in_page_steps.py", line 21, in step_impl
    context.sign_in_page.forget_inserting_password_error()
  File "C:\Users\user\PycharmProjects\BDD-2-\Pages\sign_in_page.py", line 51, in forget_inserting_password_error
    self.chrome.find_element(*self.PASSWORD_ERROR)
  File "C:\Users\user\AppData\Local\Programs\Python\Python312\Lib\site-packages\selenium\webdriver\remote\webdriver.py", line 741, in find_element
    return self.execute(Command.FIND_ELEMENT, {"using": by, "value": value})["value"]
           ^^^^^^^^^^^^^^^^^^^^^^^^^^^^^^^^^^^^^^^^^^^^^^^^^^^^^^^^^^^^^^^^^
  File "C:\Users\user\AppData\Local\Programs\Python\Python312\Lib\site-packages\selenium\webdriver\remote\webdriver.py", line 347, in execute
    self.error_handler.check_response(response)
  File "C:\Users\user\AppData\Local\Programs\Python\Python312\Lib\site-packages\selenium\webdriver\remote\errorhandler.py", line 229, in check_response
    raise exception_class(message, screen, stacktrace)
selenium.common.exceptions.NoSuchElementException: Message: no such element: Unable to locate element: {"method":"css selector","selector":"[id="pass-error"]"}
  (Session info: chrome=137.0.7151.120); For documentation on this error, please visit: https://www.selenium.dev/documentation/webdriver/troubleshooting/errors#no-such-element-exception
Stacktrace:
	GetHandleVerifier [0x0x7ff6e1cbcda5+78885]
	GetHandleVerifier [0x0x7ff6e1cbce00+78976]
	(No symbol) [0x0x7ff6e1a79bca]
	(No symbol) [0x0x7ff6e1ad0766]
	(No symbol) [0x0x7ff6e1ad0a1c]
	(No symbol) [0x0x7ff6e1b24467]
	(No symbol) [0x0x7ff6e1af8bcf]
	(No symbol) [0x0x7ff6e1b2122f]
	(No symbol) [0x0x7ff6e1af8963]
	(No symbol) [0x0x7ff6e1ac16b1]
	(No symbol) [0x0x7ff6e1ac2443]
	GetHandleVerifier [0x0x7ff6e1f94eed+3061101]
	GetHandleVerifier [0x0x7ff6e1f8f33d+3037629]
	GetHandleVerifier [0x0x7ff6e1fae592+3165202]
	GetHandleVerifier [0x0x7ff6e1cd730e+186766]
	GetHandleVerifier [0x0x7ff6e1cdeb3f+217535]
	GetHandleVerifier [0x0x7ff6e1cc59b4+114740]
	GetHandleVerifier [0x0x7ff6e1cc5b69+115177]
	GetHandleVerifier [0x0x7ff6e1cac368+10728]
	BaseThreadInitThunk [0x0x7ffb01a47374+20]
	RtlUserThreadStart [0x0x7ffb038fcc91+33]


Captured logging:
ERROR:root:An error occurred while using the last name : Message: no such element: Unable to locate element: {"method":"css selector","selector":"[id="email"]"}
  (Session info: chrome=137.0.7151.120); For documentation on this error, please visit: https://www.selenium.dev/documentation/webdriver/troubleshooting/errors#no-such-element-exception
Stacktrace:
	GetHandleVerifier [0x0x7ff6e1cbcda5+78885]
	GetHandleVerifier [0x0x7ff6e1cbce00+78976]
	(No symbol) [0x0x7ff6e1a79bca]
	(No symbol) [0x0x7ff6e1ad0766]
	(No symbol) [0x0x7ff6e1ad0a1c]
	(No symbol) [0x0x7ff6e1b24467]
	(No symbol) [0x0x7ff6e1af8bcf]
	(No symbol) [0x0x7ff6e1b2122f]
	(No symbol) [0x0x7ff6e1af8963]
	(No symbol) [0x0x7ff6e1ac16b1]
	(No symbol) [0x0x7ff6e1ac2443]
	GetHandleVerifier [0x0x7ff6e1f94eed+3061101]
	GetHandleVerifier [0x0x7ff6e1f8f33d+3037629]
	GetHandleVerifier [0x0x7ff6e1fae592+3165202]
	GetHandleVerifier [0x0x7ff6e1cd730e+186766]
	GetHandleVerifier [0x0x7ff6e1cdeb3f+217535]
	GetHandleVerifier [0x0x7ff6e1cc59b4+114740]
	GetHandleVerifier [0x0x7ff6e1cc5b69+115177]
	GetHandleVerifier [0x0x7ff6e1cac368+10728]
	BaseThreadInitThunk [0x0x7ffb01a47374+20]
	RtlUserThreadStart [0x0x7ffb038fcc91+33]</pre>    </span></li></ol><span /></div><div class="scenario"><span class="scenario_file">Features/magento_sign_in_page.feature:25</span><span class="tag">@T5, @negativeTesting</span><h3 onclick="Collapsible_toggle('scenario_7')"><span class="val">Scenario: I don't insert the email</span></h3><ol class="scenario_steps" id="scenario_7"><li class="step passed"><div class="step_name"><span class="keyword">Given </span><span class="step val">I am on the Magento homepage and I want to initiate the sign in process</span><small class="step_duration">(2.261s)</small></div><div class="step_file"><span>steps/magento_sign_in_page_steps.py:3</span></div><span class="embed" /></li><li class="step passed"><div class="step_name"><span class="keyword">When </span><span class="step val"><span>I introduce the password "</span><b>Universitate10!</b><span>"</span></span><small class="step_duration">(0.053s)</small></div><div class="step_file"><span>steps/magento_create_account_steps.py:27</span></div><span class="embed" /></li><li class="step passed"><div class="step_name"><span class="keyword">When </span><span class="step val">I click "Sign in" option</span><small class="step_duration">(0.000s)</small></div><div class="step_file"><span>steps/magento_sign_in_page_steps.py:7</span></div><span class="embed" /></li></ol><span /></div><div class="scenario"><span class="scenario_file">Features/magento_sign_in_page.feature:31</span><span class="tag">@T6, @negativeTesting</span><h3 onclick="Collapsible_toggle('scenario_8')"><span class="val">Scenario: I forgot the password</span></h3><ol class="scenario_steps" id="scenario_8"><li class="step passed"><div class="step_name"><span class="keyword">Given </span><span class="step val">I am on the Magento homepage and I want to initiate the sign in process</span><small class="step_duration">(1.682s)</small></div><div class="step_file"><span>steps/magento_sign_in_page_steps.py:3</span></div><span class="embed" /></li><li class="step passed"><div class="step_name"><span class="keyword">When </span><span class="step val">I click the button "Forgot your Password?"</span><small class="step_duration">(0.121s)</small></div><div class="step_file"><span>steps/magento_sign_in_page_steps.py:24</span></div><span class="embed" /></li><li class="step passed"><div class="step_name"><span class="keyword">When </span><span class="step val"><span>I introduce the email "</span><b>tudor.nanu10@gmail.com</b><span>"</span></span><small class="step_duration">(0.013s)</small></div><div class="step_file"><span>steps/magento_create_account_steps.py:23</span></div><span class="embed" /></li><li class="step passed"><div class="step_name"><span class="keyword">When </span><span class="step val">I click the button "Reset My Password"</span><small class="step_duration">(0.012s)</small></div><div class="step_file"><span>steps/magento_sign_in_page_steps.py:28</span></div><span class="embed" /></li><li class="step passed"><div class="step_name"><span class="keyword">Then </span><span class="step val">I receive a confirmation message</span><small class="step_duration">(10.069s)</small></div><div class="step_file"><span>steps/magento_sign_in_page_steps.py:32</span></div><span class="embed" /></li></ol><span /></div><div class="feature"><h2><span class="val">Feature: Check that the Tops Women page in the Magento website is working properly and I can sort a product by price,</span></h2><pre class="message">position and product name in ascending or descending direction</pre><span /></div><div class="background"><h3><span class="val">Background: </span></h3><ol /><span /></div><div class="scenario"><span class="scenario_file">Features/magento_tops.feature:6</span><span class="tag">@T11, @positiveTesting</span><h3 onclick="Collapsible_toggle('scenario_9')" class="failed"><span class="val">Scenario: I want to sort the products by price in ascending and descending direction</span></h3><ol class="scenario_steps" id="scenario_9"><li class="step passed"><div class="step_name"><span class="keyword">Given </span><span class="step val">I am on the Magento homepage and I want to sort a product with a particular criteria and direction I want</span><small class="step_duration">(0.002s)</small></div><div class="step_file"><span>steps/magento_tops_steps.py:3</span></div><span class="embed" /></li><li class="step failed"><div class="step_name"><span class="keyword">When </span><span class="step val">I click on Price option</span><small class="step_duration">(0.044s)</small></div><div class="step_file"><span>steps/magento_tops_steps.py:7</span></div><span class="embed"><a onclick="Collapsible_toggle('embed_5')">Error Message</a><pre id="embed_5" style="display: none">Traceback (most recent call last):
  File "C:\Users\user\AppData\Local\Programs\Python\Python312\Lib\site-packages\behave\model.py", line 1329, in run
    match.run(runner.context)
  File "C:\Users\user\AppData\Local\Programs\Python\Python312\Lib\site-packages\behave\matchers.py", line 98, in run
    self.func(context, *args, **kwargs)
  File "steps\magento_tops_steps.py", line 9, in step_impl
    context.tops.sort_products_position_product_name_price()
  File "C:\Users\user\PycharmProjects\BDD-2-\Pages\tops.py", line 18, in sort_products_position_product_name_price
    self.chrome.find_element(*self.SORTER)
  File "C:\Users\user\AppData\Local\Programs\Python\Python312\Lib\site-packages\selenium\webdriver\remote\webdriver.py", line 741, in find_element
    return self.execute(Command.FIND_ELEMENT, {"using": by, "value": value})["value"]
           ^^^^^^^^^^^^^^^^^^^^^^^^^^^^^^^^^^^^^^^^^^^^^^^^^^^^^^^^^^^^^^^^^
  File "C:\Users\user\AppData\Local\Programs\Python\Python312\Lib\site-packages\selenium\webdriver\remote\webdriver.py", line 347, in execute
    self.error_handler.check_response(response)
  File "C:\Users\user\AppData\Local\Programs\Python\Python312\Lib\site-packages\selenium\webdriver\remote\errorhandler.py", line 229, in check_response
    raise exception_class(message, screen, stacktrace)
selenium.common.exceptions.NoSuchElementException: Message: no such element: Unable to locate element: {"method":"xpath","selector":"//select[@id= "sorter"]"}
  (Session info: chrome=137.0.7151.120); For documentation on this error, please visit: https://www.selenium.dev/documentation/webdriver/troubleshooting/errors#no-such-element-exception
Stacktrace:
	GetHandleVerifier [0x0x7ff6e1cbcda5+78885]
	GetHandleVerifier [0x0x7ff6e1cbce00+78976]
	(No symbol) [0x0x7ff6e1a79bca]
	(No symbol) [0x0x7ff6e1ad0766]
	(No symbol) [0x0x7ff6e1ad0a1c]
	(No symbol) [0x0x7ff6e1b24467]
	(No symbol) [0x0x7ff6e1af8bcf]
	(No symbol) [0x0x7ff6e1b2122f]
	(No symbol) [0x0x7ff6e1af8963]
	(No symbol) [0x0x7ff6e1ac16b1]
	(No symbol) [0x0x7ff6e1ac2443]
	GetHandleVerifier [0x0x7ff6e1f94eed+3061101]
	GetHandleVerifier [0x0x7ff6e1f8f33d+3037629]
	GetHandleVerifier [0x0x7ff6e1fae592+3165202]
	GetHandleVerifier [0x0x7ff6e1cd730e+186766]
	GetHandleVerifier [0x0x7ff6e1cdeb3f+217535]
	GetHandleVerifier [0x0x7ff6e1cc59b4+114740]
	GetHandleVerifier [0x0x7ff6e1cc5b69+115177]
	GetHandleVerifier [0x0x7ff6e1cac368+10728]
	BaseThreadInitThunk [0x0x7ffb01a47374+20]
	RtlUserThreadStart [0x0x7ffb038fcc91+33]

</pre>    </span></li></ol><span /></div><div class="feature"><h2><span class="val">Feature: Check that the What is new page in the Magento website is working properly and I can purchase any product I want</span></h2><span /></div><div class="background"><h3><span class="val">Background: </span></h3><ol /><span /></div><div class="scenario"><span class="scenario_file">Features/magento_what_is_new.feature:6</span><span class="tag">@T8, @positiveTesting</span><h3 onclick="Collapsible_toggle('scenario_10')"><span class="val">Scenario: I want to purchase "Wayfarer Messenger Bag" product</span></h3><ol class="scenario_steps" id="scenario_10"><li class="step passed"><div class="step_name"><span class="keyword">Given </span><span class="step val">I am on the Magento homepage and I want to initiate the purchase product process</span><small class="step_duration">(2.171s)</small></div><div class="step_file"><span>steps/magento_what_is_new_steps.py:3</span></div><span class="embed" /></li><li class="step passed"><div class="step_name"><span class="keyword">When </span><span class="step val">I click on What is New option</span><small class="step_duration">(0.000s)</small></div><div class="step_file"><span>steps/magento_what_is_new_steps.py:7</span></div><span class="embed" /></li><li class="step passed"><div class="step_name"><span class="keyword">When </span><span class="step val">I click Add to Cart button on Wayfarer Messenger Bag product</span><small class="step_duration">(1.136s)</small></div><div class="step_file"><span>steps/magento_what_is_new_steps.py:11</span></div><span class="embed" /></li><li class="step passed"><div class="step_name"><span class="keyword">When </span><span class="step val">I click on action showcart icon</span><small class="step_duration">(0.206s)</small></div><div class="step_file"><span>steps/magento_what_is_new_steps.py:15</span></div><span class="embed" /></li><li class="step passed"><div class="step_name"><span class="keyword">When </span><span class="step val">I click on Proceed to Checkout button</span><small class="step_duration">(0.017s)</small></div><div class="step_file"><span>steps/magento_what_is_new_steps.py:19</span></div><span class="embed" /></li><li class="step passed"><div class="step_name"><span class="keyword">Then </span><span class="step val">I am redirected to the checkout page</span><small class="step_duration">(0.000s)</small></div><div class="step_file"><span>steps/magento_what_is_new_steps.py:23</span></div><span class="embed" /></li></ol><span /></div></div></body></html>